====block====
id:1
timestamp:1683860813.95
nonce:2814687668
prev_hash:a2adb46910e95f3192a57c8c08b98c8dd177fa2e450ac7a17291754c6cee854d
information.data:test 0 port 5000
source:192.168.136.1:5000
=============
hash:00006fdf96747648037e844ed2e51f3f4b22fe24f5cdb00481dfa4cb38c864a6
=============
====block====
id:2
timestamp:1683860814.26
nonce:3182942903
prev_hash:00006fdf96747648037e844ed2e51f3f4b22fe24f5cdb00481dfa4cb38c864a6
information.data:test 1 port 5000
source:192.168.136.1:5000
=============
hash:0000a4a716ee89533d227dfe0c776c11bcc6cba8d7e68229034eb9e6e35ff13d
=============
====block====
id:3
timestamp:1683860814.72
nonce:3022252754
prev_hash:0000a4a716ee89533d227dfe0c776c11bcc6cba8d7e68229034eb9e6e35ff13d
information.data:test 2 port 5000
source:192.168.136.1:5000
=============
hash:00008212ad66693f9b1ed9452bc51892cdf035ef9bc07859677b0c6f23b56191
=============
====block====
id:4
timestamp:1683860815.1
nonce:2202686051
prev_hash:00008212ad66693f9b1ed9452bc51892cdf035ef9bc07859677b0c6f23b56191
information.data:test 3 port 5000
source:192.168.136.1:5000
=============
hash:00006d0f398abe07c1ba7e6f3131e987872b689896b365ad7d635ab011237808
=============
====block====
id:5
timestamp:1683860815.49
nonce:4219741246
prev_hash:00006d0f398abe07c1ba7e6f3131e987872b689896b365ad7d635ab011237808
information.data:test 4 port 5000
source:192.168.136.1:5000
=============
hash:00001ec0a2c9b49eb65ea4a3a544628db7c88ad75c12e8ace42920a5de53e8b2
=============
