====block====
id:1
timestamp:1683860813.95
nonce:3728950067
prev_hash:a2adb46910e95f3192a57c8c08b98c8dd177fa2e450ac7a17291754c6cee854d
information.data:test 0 port 5000
source:192.168.136.1:5000
=============
hash:0000da67512672a227c1851e3a0b8e36c4173c2f876824190afdfbbf2e34c2f0
=============
====block====
id:2
timestamp:1683860814.26
nonce:287404969
prev_hash:0000da67512672a227c1851e3a0b8e36c4173c2f876824190afdfbbf2e34c2f0
information.data:test 1 port 5000
source:192.168.136.1:5000
=============
hash:000014e311aad8f80272b7479a3abf7e652bcad5c9a3127afcbe68d0a01f1933
=============
