====block====debug:remove_blockqueue
id:0
timestamp:1684426295.65
nonce:1558363215
prev_hash:0000654eff432b12bb77e1c86c14b7c5f77386dcc6d1c934424117d198406916
information.data:test 8 port 5003
source:172.30.0.90:5003
=============
hash:15eb0e72dfe38729d0feefdd8733aecfa1c98a9cad0133621e4099177d619b97
=============
====block====debug:remove_blockqueue
id:0
timestamp:1684426300.89
nonce:3922055024
prev_hash:0000b0c791585ce60aec0b914298300c3b1f3012319e543503334f5396cc1daa
information.data:test 3 port 5003
source:172.30.0.90:5003
=============
hash:6819b217f69de17e043db59622aec7e76707b1e4e1af43d8e9a2df9d0b477770
=============
