====block====
id:1
timestamp:1679411372.32
nonce:3403782379
prev_hash:a2adb46910e95f3192a57c8c08b98c8dd177fa2e450ac7a17291754c6cee854d
information.data:test 0 port 5003
source:172.30.0.169:5003
=============
hash:0000bc3960338481c8dd1a61bb7dc37e219ff1b254edf627ac357ace1a17452f
=============
====block====
id:2
timestamp:1679411372.7
nonce:494079107
prev_hash:0000bc3960338481c8dd1a61bb7dc37e219ff1b254edf627ac357ace1a17452f
information.data:test 1 port 5003
source:172.30.0.169:5003
=============
hash:0000eb63ebaaa9e34da86064a072d6e9e5fa6115592db40069478011f8b50904
=============
====block====
id:3
timestamp:1679411373.07
nonce:2076069792
prev_hash:0000eb63ebaaa9e34da86064a072d6e9e5fa6115592db40069478011f8b50904
information.data:test 2 port 5003
source:172.30.0.169:5003
=============
hash:00005ac9358cdfc5fbd9dc8a32ebc3886bac452751a724bb4d6366bdf0c81fac
=============
====block====
id:4
timestamp:1679411373.42
nonce:2974192371
prev_hash:00005ac9358cdfc5fbd9dc8a32ebc3886bac452751a724bb4d6366bdf0c81fac
information.data:test 3 port 5003
source:172.30.0.169:5003
=============
hash:0000177948d155e343abf68806ea071dd80a0b97f4e61c65abf8aab34a4dcc8b
=============
====block====
id:5
timestamp:1679411373.83
nonce:4081185094
prev_hash:0000177948d155e343abf68806ea071dd80a0b97f4e61c65abf8aab34a4dcc8b
information.data:test 4 port 5003
source:172.30.0.169:5003
=============
hash:000002bd92b2f83d25e2fa034381dccfee0d321074f3eacd91220b0a8b9a001c
=============
====block====
id:6
timestamp:1679411374.23
nonce:451525883
prev_hash:000002bd92b2f83d25e2fa034381dccfee0d321074f3eacd91220b0a8b9a001c
information.data:test 5 port 5003
source:172.30.0.169:5003
=============
hash:000014c6577ace86c5adf21e794ddeea37bffc2bbba4171bdd4820edb254b9b5
=============
