====block====
id:1
timestamp:1683860813.95
nonce:4263935931
prev_hash:a2adb46910e95f3192a57c8c08b98c8dd177fa2e450ac7a17291754c6cee854d
information.data:test 0 port 5000
source:192.168.136.1:5000
=============
hash:000077d69483a6ef6b39c6ca4b28fc58fb1efc5fd2cbabb4d599dbb81876f615
=============
====block====
id:2
timestamp:1683860814.26
nonce:3600245541
prev_hash:000077d69483a6ef6b39c6ca4b28fc58fb1efc5fd2cbabb4d599dbb81876f615
information.data:test 1 port 5000
source:192.168.136.1:5000
=============
hash:00005b90b53924614409cbe5c421d977efd2a21cc8f3603bb76eb83ba487acf0
=============
====block====
id:3
timestamp:1683860814.72
nonce:3793909524
prev_hash:00005b90b53924614409cbe5c421d977efd2a21cc8f3603bb76eb83ba487acf0
information.data:test 2 port 5000
source:192.168.136.1:5000
=============
hash:00000176cbbd1e473b621d8175b245e1c9a6a971e53827f64056f252b947e3d5
=============
